<?xml version="1.0" encoding="UTF-8"?>
<!-- Generated by org.testng.reporters.JUnitXMLReporter -->
<testsuite ignored="0" hostname="DESKTOP-VQ7D0L2" failures="0" tests="2" name="Default test" time="62.974" errors="0" timestamp="2023-04-07T16:38:02 IST">
  <testcase classname="org.com.appium.HomePageTestCases" name="Validate_Homepage_ToastText" time="34.601"/>
  <testcase classname="org.com.appium.HomePageTestCases" name="Validate_Homepage_ToastText" time="10.29"/>
</testsuite> <!-- Default test -->
