<?xml version="1.0" encoding="UTF-8"?>
<!-- Generated by org.testng.reporters.JUnitXMLReporter -->
<testsuite ignored="0" hostname="DESKTOP-VQ7D0L2" failures="0" tests="4" name="Default test" time="107.716" errors="0" timestamp="2023-04-07T16:49:42 IST">
  <testcase classname="org.com.appium.HomePageTestCases" name="ValidateProductsPageToastText" time="37.935"/>
  <testcase classname="org.com.appium.HomePageTestCases" name="ValidateProductsPageToastText" time="13.726"/>
  <testcase classname="org.com.appium.HomePageTestCases" name="Validate_Homepage_ToastText" time="20.337"/>
  <testcase classname="org.com.appium.HomePageTestCases" name="Validate_Homepage_ToastText" time="10.057"/>
</testsuite> <!-- Default test -->
