<?xml version="1.0" encoding="UTF-8"?>
<!-- Generated by org.testng.reporters.JUnitXMLReporter -->
<testsuite ignored="0" hostname="DESKTOP-VQ7D0L2" failures="1" tests="1" name="Test" time="37.146" errors="0" timestamp="2023-04-13T16:15:25 IST">
  <testcase classname="org.com.appium.HomePageTestCases" name="EndtoEndHappyPathTest" time="22.961">
    <failure type="java.lang.NullPointerException" message="Cannot invoke &amp;quot;io.appium.java_client.android.AndroidDriver.findElements(org.openqa.selenium.By)&amp;quot; because &amp;quot;this.driver&amp;quot; is null">
      <![CDATA[java.lang.NullPointerException: Cannot invoke "io.appium.java_client.android.AndroidDriver.findElements(org.openqa.selenium.By)" because "this.driver" is null
at org.com.appium.android.CartPageElements.<init>(CartPageElements.java:69)
at org.com.appium.android.ProductsPageElements.Click_Cart_Btn(ProductsPageElements.java:63)
at org.com.appium.HomePageTestCases.EndtoEndHappyPathTest(HomePageTestCases.java:107)
at java.base/java.util.ArrayList.forEach(ArrayList.java:1511)
... Removed 27 stack frames]]>
    </failure>
  </testcase> <!-- EndtoEndHappyPathTest -->
</testsuite> <!-- Test -->
