<?xml version="1.0" encoding="UTF-8"?>
<testng-results ignored="0" total="1" passed="1" failed="0" skipped="0">
  <reporter-output>
  </reporter-output>
  <suite started-at="2023-04-08T16:23:56 IST" name="Default suite" finished-at="2023-04-08T16:24:45 IST" duration-ms="49439">
    <groups>
    </groups>
    <test started-at="2023-04-08T16:23:56 IST" name="Default test" finished-at="2023-04-08T16:24:45 IST" duration-ms="49439">
      <class name="org.com.appium.HomePageTestCases">
        <test-method is-config="true" signature="BasTestMethod()[pri:0, instance:org.com.appium.HomePageTestCases@6404f418]" started-at="2023-04-08T16:23:56 IST" name="BasTestMethod" finished-at="2023-04-08T16:24:07 IST" duration-ms="11441" status="PASS">
          <reporter-output>
          </reporter-output>
        </test-method> <!-- BasTestMethod -->
        <test-method is-config="true" signature="loadSplashScreen()[pri:0, instance:org.com.appium.HomePageTestCases@6404f418]" started-at="2023-04-08T16:24:07 IST" name="loadSplashScreen" finished-at="2023-04-08T16:24:11 IST" duration-ms="3711" status="PASS">
          <reporter-output>
          </reporter-output>
        </test-method> <!-- loadSplashScreen -->
        <test-method signature="ValidateProductsPageToastText(java.util.HashMap)[pri:0, instance:org.com.appium.HomePageTestCases@6404f418]" started-at="2023-04-08T16:24:11 IST" name="ValidateProductsPageToastText" data-provider="getdata" finished-at="2023-04-08T16:24:45 IST" duration-ms="34073" status="PASS">
          <params>
            <param index="0">
              <value>
                <![CDATA[{Country=Argentina, Gender=female, Name=Pooja}]]>
              </value>
            </param>
          </params>
          <reporter-output>
          </reporter-output>
        </test-method> <!-- ValidateProductsPageToastText -->
      </class> <!-- org.com.appium.HomePageTestCases -->
    </test> <!-- Default test -->
  </suite> <!-- Default suite -->
</testng-results>
