<?xml version="1.0" encoding="UTF-8"?>
<testng-results ignored="0" total="1" passed="1" failed="0" skipped="0">
  <reporter-output>
  </reporter-output>
  <suite started-at="2023-04-10T18:28:49 IST" name="Suite" finished-at="2023-04-10T18:29:16 IST" duration-ms="27010">
    <groups>
    </groups>
    <test started-at="2023-04-10T18:28:49 IST" name="Test" finished-at="2023-04-10T18:29:16 IST" duration-ms="27010">
      <class name="org.com.appium.HomePageTestCases">
        <test-method is-config="true" signature="BasTestMethod()[pri:0, instance:org.com.appium.HomePageTestCases@1fc32e4f]" started-at="2023-04-10T18:28:49 IST" name="BasTestMethod" finished-at="2023-04-10T18:29:00 IST" duration-ms="11322" status="PASS">
          <reporter-output>
          </reporter-output>
        </test-method> <!-- BasTestMethod -->
        <test-method is-config="true" signature="loadSplashScreen()[pri:0, instance:org.com.appium.HomePageTestCases@1fc32e4f]" started-at="2023-04-10T18:29:00 IST" name="loadSplashScreen" finished-at="2023-04-10T18:29:04 IST" duration-ms="3808" status="PASS">
          <reporter-output>
          </reporter-output>
        </test-method> <!-- loadSplashScreen -->
        <test-method signature="Validate_Homepage_ToastText(java.util.HashMap)[pri:0, instance:org.com.appium.HomePageTestCases@1fc32e4f]" started-at="2023-04-10T18:29:04 IST" name="Validate_Homepage_ToastText" data-provider="getdata" finished-at="2023-04-10T18:29:15 IST" duration-ms="11128" status="PASS">
          <params>
            <param index="0">
              <value>
                <![CDATA[{Country=Argentina, Gender=female, Name=Pooja}]]>
              </value>
            </param>
          </params>
          <reporter-output>
          </reporter-output>
        </test-method> <!-- Validate_Homepage_ToastText -->
      </class> <!-- org.com.appium.HomePageTestCases -->
    </test> <!-- Test -->
  </suite> <!-- Suite -->
</testng-results>
