<?xml version="1.0" encoding="UTF-8"?>
<testng-results ignored="0" total="1" passed="1" failed="0" skipped="0">
  <reporter-output>
  </reporter-output>
  <suite started-at="2023-04-13T21:00:02 IST" name="Default suite" finished-at="2023-04-13T21:00:47 IST" duration-ms="45219">
    <groups>
    </groups>
    <test started-at="2023-04-13T21:00:02 IST" name="Default test" finished-at="2023-04-13T21:00:47 IST" duration-ms="45219">
      <class name="org.com.appium.HomePageTestCases">
        <test-method is-config="true" signature="BasTestMethod()[pri:0, instance:org.com.appium.HomePageTestCases@201a4587]" started-at="2023-04-13T21:00:02 IST" name="BasTestMethod" finished-at="2023-04-13T21:00:12 IST" duration-ms="10257" status="PASS">
          <reporter-output>
          </reporter-output>
        </test-method> <!-- BasTestMethod -->
        <test-method is-config="true" signature="loadSplashScreen()[pri:0, instance:org.com.appium.HomePageTestCases@201a4587]" started-at="2023-04-13T21:00:13 IST" name="loadSplashScreen" finished-at="2023-04-13T21:00:16 IST" duration-ms="3718" status="PASS">
          <reporter-output>
          </reporter-output>
        </test-method> <!-- loadSplashScreen -->
        <test-method signature="EndtoEndHappyPathTest(java.util.HashMap)[pri:0, instance:org.com.appium.HomePageTestCases@201a4587]" started-at="2023-04-13T21:00:16 IST" name="EndtoEndHappyPathTest" data-provider="getdata" finished-at="2023-04-13T21:00:47 IST" duration-ms="31047" status="PASS">
          <params>
            <param index="0">
              <value>
                <![CDATA[{Country=Argentina, Gender=female, Name=Pooja}]]>
              </value>
            </param>
          </params>
          <reporter-output>
          </reporter-output>
        </test-method> <!-- EndtoEndHappyPathTest -->
      </class> <!-- org.com.appium.HomePageTestCases -->
    </test> <!-- Default test -->
  </suite> <!-- Default suite -->
</testng-results>
