<?xml version="1.0" encoding="UTF-8"?>
<testng-results ignored="0" total="2" passed="2" failed="0" skipped="0">
  <reporter-output>
  </reporter-output>
  <suite started-at="2023-04-07T16:36:59 IST" name="Default suite" finished-at="2023-04-07T16:38:02 IST" duration-ms="62974">
    <groups>
    </groups>
    <test started-at="2023-04-07T16:36:59 IST" name="Default test" finished-at="2023-04-07T16:38:02 IST" duration-ms="62974">
      <class name="org.com.appium.HomePageTestCases">
        <test-method is-config="true" signature="BasTestMethod()[pri:0, instance:org.com.appium.HomePageTestCases@6404f418]" started-at="2023-04-07T16:36:59 IST" name="BasTestMethod" finished-at="2023-04-07T16:37:10 IST" duration-ms="10368" status="PASS">
          <reporter-output>
          </reporter-output>
        </test-method> <!-- BasTestMethod -->
        <test-method is-config="true" signature="pretest()[pri:0, instance:org.com.appium.HomePageTestCases@6404f418]" started-at="2023-04-07T16:37:10 IST" name="pretest" finished-at="2023-04-07T16:37:14 IST" duration-ms="3696" status="PASS">
          <reporter-output>
          </reporter-output>
        </test-method> <!-- pretest -->
        <test-method signature="Validate_Homepage_ToastText(java.util.HashMap)[pri:0, instance:org.com.appium.HomePageTestCases@6404f418]" started-at="2023-04-07T16:37:14 IST" name="Validate_Homepage_ToastText" data-provider="getdata" finished-at="2023-04-07T16:37:48 IST" duration-ms="34601" status="PASS">
          <params>
            <param index="0">
              <value>
                <![CDATA[{Country=India, Gender=Male, Name=Rushi}]]>
              </value>
            </param>
          </params>
          <reporter-output>
          </reporter-output>
        </test-method> <!-- Validate_Homepage_ToastText -->
        <test-method is-config="true" signature="pretest()[pri:0, instance:org.com.appium.HomePageTestCases@6404f418]" started-at="2023-04-07T16:37:48 IST" name="pretest" finished-at="2023-04-07T16:37:52 IST" duration-ms="3694" status="PASS">
          <reporter-output>
          </reporter-output>
        </test-method> <!-- pretest -->
        <test-method signature="Validate_Homepage_ToastText(java.util.HashMap)[pri:0, instance:org.com.appium.HomePageTestCases@6404f418]" started-at="2023-04-07T16:37:52 IST" name="Validate_Homepage_ToastText" data-provider="getdata" finished-at="2023-04-07T16:38:02 IST" duration-ms="10290" status="PASS">
          <params>
            <param index="0">
              <value>
                <![CDATA[{Country=Argentina, Gender=female, Name=Pooja}]]>
              </value>
            </param>
          </params>
          <reporter-output>
          </reporter-output>
        </test-method> <!-- Validate_Homepage_ToastText -->
      </class> <!-- org.com.appium.HomePageTestCases -->
    </test> <!-- Default test -->
  </suite> <!-- Default suite -->
</testng-results>
