<?xml version="1.0" encoding="UTF-8"?>
<testng-results ignored="0" total="6" passed="6" failed="0" skipped="0">
  <reporter-output>
  </reporter-output>
  <suite started-at="2023-04-17T21:13:34 IST" name="Default suite" finished-at="2023-04-17T21:15:50 IST" duration-ms="135418">
    <groups>
    </groups>
    <test started-at="2023-04-17T21:13:34 IST" name="Default test" finished-at="2023-04-17T21:15:50 IST" duration-ms="135418">
      <class name="org.com.appium.ProductPageTestCases">
        <test-method is-config="true" signature="BaseTestMethod()[pri:0, instance:org.com.appium.ProductPageTestCases@4310d43]" started-at="2023-04-17T21:13:34 IST" name="BaseTestMethod" finished-at="2023-04-17T21:13:45 IST" duration-ms="11285" status="PASS">
          <reporter-output>
          </reporter-output>
        </test-method> <!-- BaseTestMethod -->
        <test-method is-config="true" signature="loadsSplashScreen()[pri:0, instance:org.com.appium.ProductPageTestCases@4310d43]" started-at="2023-04-17T21:13:46 IST" name="loadsSplashScreen" finished-at="2023-04-17T21:13:49 IST" duration-ms="3669" status="PASS">
          <reporter-output>
          </reporter-output>
        </test-method> <!-- loadsSplashScreen -->
        <test-method signature="ValidateUserNavigatetoCartPage(java.util.HashMap)[pri:0, instance:org.com.appium.ProductPageTestCases@4310d43]" started-at="2023-04-17T21:13:49 IST" name="ValidateUserNavigatetoCartPage" data-provider="getProductPageData" finished-at="2023-04-17T21:14:09 IST" duration-ms="19921" status="PASS">
          <params>
            <param index="0">
              <value>
                <![CDATA[{Country=Argentina, Gender=female, ExpectedProductPageTitle=Products, Name=RUSHI}]]>
              </value>
            </param>
          </params>
          <reporter-output>
          </reporter-output>
        </test-method> <!-- ValidateUserNavigatetoCartPage -->
        <test-method is-config="true" signature="loadsSplashScreen()[pri:0, instance:org.com.appium.ProductPageTestCases@4310d43]" started-at="2023-04-17T21:14:09 IST" name="loadsSplashScreen" finished-at="2023-04-17T21:14:13 IST" duration-ms="3664" status="PASS">
          <reporter-output>
          </reporter-output>
        </test-method> <!-- loadsSplashScreen -->
        <test-method signature="ValidateUserNavigatetoCartPage(java.util.HashMap)[pri:0, instance:org.com.appium.ProductPageTestCases@4310d43]" started-at="2023-04-17T21:14:13 IST" name="ValidateUserNavigatetoCartPage" data-provider="getProductPageData" finished-at="2023-04-17T21:14:32 IST" duration-ms="19367" status="PASS">
          <params>
            <param index="0">
              <value>
                <![CDATA[{Country=Argentina, Gender=female, ExpectedProductPageTitle=Products, Name=ANkita}]]>
              </value>
            </param>
          </params>
          <reporter-output>
          </reporter-output>
        </test-method> <!-- ValidateUserNavigatetoCartPage -->
        <test-method is-config="true" signature="loadsSplashScreen()[pri:0, instance:org.com.appium.ProductPageTestCases@4310d43]" started-at="2023-04-17T21:14:32 IST" name="loadsSplashScreen" finished-at="2023-04-17T21:14:36 IST" duration-ms="3654" status="PASS">
          <reporter-output>
          </reporter-output>
        </test-method> <!-- loadsSplashScreen -->
        <test-method signature="ValidateAddToCartFunctionality(java.util.HashMap)[pri:1, instance:org.com.appium.ProductPageTestCases@4310d43]" started-at="2023-04-17T21:14:36 IST" name="ValidateAddToCartFunctionality" data-provider="getProductPageData" finished-at="2023-04-17T21:14:55 IST" duration-ms="19289" status="PASS">
          <params>
            <param index="0">
              <value>
                <![CDATA[{Country=Argentina, Gender=female, ExpectedProductPageTitle=Products, Name=RUSHI}]]>
              </value>
            </param>
          </params>
          <reporter-output>
          </reporter-output>
        </test-method> <!-- ValidateAddToCartFunctionality -->
        <test-method is-config="true" signature="loadsSplashScreen()[pri:0, instance:org.com.appium.ProductPageTestCases@4310d43]" started-at="2023-04-17T21:14:55 IST" name="loadsSplashScreen" finished-at="2023-04-17T21:14:59 IST" duration-ms="3638" status="PASS">
          <reporter-output>
          </reporter-output>
        </test-method> <!-- loadsSplashScreen -->
        <test-method signature="ValidateAddToCartFunctionality(java.util.HashMap)[pri:1, instance:org.com.appium.ProductPageTestCases@4310d43]" started-at="2023-04-17T21:14:59 IST" name="ValidateAddToCartFunctionality" data-provider="getProductPageData" finished-at="2023-04-17T21:15:18 IST" duration-ms="19281" status="PASS">
          <params>
            <param index="0">
              <value>
                <![CDATA[{Country=Argentina, Gender=female, ExpectedProductPageTitle=Products, Name=ANkita}]]>
              </value>
            </param>
          </params>
          <reporter-output>
          </reporter-output>
        </test-method> <!-- ValidateAddToCartFunctionality -->
        <test-method is-config="true" signature="loadsSplashScreen()[pri:0, instance:org.com.appium.ProductPageTestCases@4310d43]" started-at="2023-04-17T21:15:18 IST" name="loadsSplashScreen" finished-at="2023-04-17T21:15:22 IST" duration-ms="3690" status="PASS">
          <reporter-output>
          </reporter-output>
        </test-method> <!-- loadsSplashScreen -->
        <test-method signature="ValidateUserIsOnProductPage(java.util.HashMap)[pri:2, instance:org.com.appium.ProductPageTestCases@4310d43]" started-at="2023-04-17T21:15:22 IST" name="ValidateUserIsOnProductPage" data-provider="getProductPageData" finished-at="2023-04-17T21:15:34 IST" duration-ms="12082" status="PASS">
          <params>
            <param index="0">
              <value>
                <![CDATA[{Country=Argentina, Gender=female, ExpectedProductPageTitle=Products, Name=RUSHI}]]>
              </value>
            </param>
          </params>
          <reporter-output>
          </reporter-output>
        </test-method> <!-- ValidateUserIsOnProductPage -->
        <test-method is-config="true" signature="loadsSplashScreen()[pri:0, instance:org.com.appium.ProductPageTestCases@4310d43]" started-at="2023-04-17T21:15:34 IST" name="loadsSplashScreen" finished-at="2023-04-17T21:15:38 IST" duration-ms="3644" status="PASS">
          <reporter-output>
          </reporter-output>
        </test-method> <!-- loadsSplashScreen -->
        <test-method signature="ValidateUserIsOnProductPage(java.util.HashMap)[pri:2, instance:org.com.appium.ProductPageTestCases@4310d43]" started-at="2023-04-17T21:15:38 IST" name="ValidateUserIsOnProductPage" data-provider="getProductPageData" finished-at="2023-04-17T21:15:50 IST" duration-ms="12016" status="PASS">
          <params>
            <param index="0">
              <value>
                <![CDATA[{Country=Argentina, Gender=female, ExpectedProductPageTitle=Products, Name=ANkita}]]>
              </value>
            </param>
          </params>
          <reporter-output>
          </reporter-output>
        </test-method> <!-- ValidateUserIsOnProductPage -->
      </class> <!-- org.com.appium.ProductPageTestCases -->
    </test> <!-- Default test -->
  </suite> <!-- Default suite -->
</testng-results>
